<?xml version="1.0" encoding="UTF-8"?>
<!-- Generated by org.testng.reporters.JUnitXMLReporter -->
<testsuite ignored="0" hostname="MY-L-D6JT3F3" failures="0" tests="3" name="Default test" time="35.555" errors="0" timestamp="2023-09-08T17:57:08 SGT">
  <testcase classname="account.SpecialMessage" name="Account_CreateSpecialMessagesPage" time="3.942"/>
  <testcase classname="account.SpecialMessage" name="Account_EditSpecialMessagesPage" time="1.762"/>
  <testcase classname="account.SpecialMessage" name="Account_DeleteSpecialMessagesPage" time="1.657"/>
</testsuite> <!-- Default test -->
