<?xml version="1.0" encoding="UTF-8"?>
<!-- Generated by org.testng.reporters.JUnitXMLReporter -->
<testsuite ignored="0" hostname="MY-L-D6JT3F3" failures="0" tests="4" name="account.FleetId" time="33.659" errors="0" timestamp="2023-09-08T17:58:29 SGT">
  <testcase classname="account.FleetId" name="Account_CreateFleetID" time="2.563"/>
  <testcase classname="account.FleetId" name="Account_ExportFleetID" time="0.296"/>
  <testcase classname="account.FleetId" name="Account_EditFleetID" time="0.814"/>
  <testcase classname="account.FleetId" name="Account_DeleteFleetID" time="0.601"/>
</testsuite> <!-- account.FleetId -->
