<?xml version="1.0" encoding="UTF-8"?>
<!-- Generated by org.testng.reporters.JUnitXMLReporter -->
<testsuite ignored="0" hostname="MY-L-D6JT3F3" failures="0" tests="5" name="account.Product" time="39.88" errors="0" timestamp="2023-09-08T18:00:44 SGT">
  <testcase classname="account.Product" name="Account_CreateCurrentProduct" time="3.786"/>
  <testcase classname="account.Product" name="Account_EditCurrentProduct" time="0.816"/>
  <testcase classname="account.Product" name="Account_CreateFutureProduct" time="3.625"/>
  <testcase classname="account.Product" name="Account_EditFutureProduct" time="2.815"/>
  <testcase classname="account.Product" name="Account_DeleteProduct" time="1.192"/>
</testsuite> <!-- account.Product -->
