<?xml version="1.0" encoding="UTF-8"?>
<!-- Generated by org.testng.reporters.JUnitXMLReporter -->
<testsuite ignored="0" hostname="MY-L-D6JT3F3" failures="0" tests="5" name="Account" time="60.357" errors="0" timestamp="2023-07-07T13:24:34 SGT">
  <testcase classname="account.Account" name="Account_BlockUnBlock" time="11.952"/>
  <testcase classname="account.Account" name="Account_NewCardBundle" time="2.787"/>
  <testcase classname="account.Account" name="Account_EditCardBundle" time="2.9"/>
  <testcase classname="account.Account" name="Account_RemoveCardBundle" time="4.937"/>
  <testcase classname="account.Account" name="Account_DeleteCardBundle" time="6.405"/>
</testsuite> <!-- Account -->
