<?xml version="1.0" encoding="UTF-8"?>
<!-- Generated by org.testng.reporters.JUnitXMLReporter -->
<testsuite ignored="0" hostname="MY-L-D6JT3F3" failures="0" tests="6" name="account.Account" time="38.451" errors="0" timestamp="2023-09-08T17:57:55 SGT">
  <testcase classname="account.Account" name="Account_BlockUnBlock" time="2.624"/>
  <testcase classname="account.Account" name="Account_SystematicAlert" time="1.565"/>
  <testcase classname="account.Account" name="Account_NewCardBundle" time="1.139"/>
  <testcase classname="account.Account" name="Account_EditCardBundle" time="1.291"/>
  <testcase classname="account.Account" name="Account_RemoveCardBundle" time="0.697"/>
  <testcase classname="account.Account" name="Account_DeleteCardBundle" time="1.41"/>
</testsuite> <!-- account.Account -->
