<?xml version="1.0" encoding="UTF-8"?>
<!-- Generated by org.testng.reporters.JUnitXMLReporter -->
<testsuite ignored="0" hostname="MY-L-D6JT3F3" failures="0" tests="3" name="account.SpecialMessage" time="38.573" errors="0" timestamp="2023-09-08T18:02:41 SGT">
  <testcase classname="account.SpecialMessage" name="Account_CreateSpecialMessagesPage" time="3.78"/>
  <testcase classname="account.SpecialMessage" name="Account_EditSpecialMessagesPage" time="1.71"/>
  <testcase classname="account.SpecialMessage" name="Account_DeleteSpecialMessagesPage" time="1.115"/>
</testsuite> <!-- account.SpecialMessage -->
