<?xml version="1.0" encoding="UTF-8"?>
<!-- Generated by org.testng.reporters.JUnitXMLReporter -->
<testsuite ignored="0" hostname="MY-L-D6JT3F3" failures="0" tests="6" name="account.DayTime" time="42.296" errors="0" timestamp="2023-09-08T17:59:11 SGT">
  <testcase classname="account.DayTime" name="Account_CreateDayTimeCurrent" time="2.226"/>
  <testcase classname="account.DayTime" name="Account_EditDayTimeCurrent" time="0.7"/>
  <testcase classname="account.DayTime" name="Account_CreateDayTimeFuture" time="3.083"/>
  <testcase classname="account.DayTime" name="Account_EditDayTimeFuture" time="2.256"/>
  <testcase classname="account.DayTime" name="Account_DeleteDayTimeCurrent" time="0.604"/>
  <testcase classname="account.DayTime" name="Account_DeleteDayTimeFuture" time="0.59"/>
</testsuite> <!-- account.DayTime -->
