<?xml version="1.0" encoding="UTF-8"?>
<!-- Generated by org.testng.reporters.JUnitXMLReporter -->
<testsuite ignored="0" hostname="MY-L-D6JT3F3" failures="0" tests="3" name="account.ProductGroup" time="43.682" errors="0" timestamp="2023-09-08T18:01:28 SGT">
  <testcase classname="account.ProductGroup" name="Account_CreateProductGroup" time="4.689"/>
  <testcase classname="account.ProductGroup" name="Account_RemoveProductGroup" time="2.802"/>
  <testcase classname="account.ProductGroup" name="Account_DeleteProductGroup" time="0.805"/>
</testsuite> <!-- account.ProductGroup -->
