<?xml version="1.0" encoding="UTF-8"?>
<!-- Generated by org.testng.reporters.JUnitXMLReporter -->
<testsuite ignored="0" hostname="MY-L-D6JT3F3" failures="0" tests="3" name="card.MobilePay" time="50.704" errors="0" timestamp="2023-09-08T18:07:14 SGT">
  <testcase classname="card.MobilePay" name="Card_RegisterMobilePay" time="4.196"/>
  <testcase classname="card.MobilePay" name="Card_SearchMobilePay" time="5.022"/>
  <testcase classname="card.MobilePay" name="Card_CancelMobilePay" time="1.418"/>
</testsuite> <!-- card.MobilePay -->
