<?xml version="1.0" encoding="UTF-8"?>
<!-- Generated by org.testng.reporters.JUnitXMLReporter -->
<testsuite ignored="0" hostname="MY-L-D6JT3F3" failures="0" tests="6" name="card.Location" time="42.942" errors="0" timestamp="2023-09-08T18:06:24 SGT">
  <testcase classname="card.Location" name="Card_CreateCurrentLocation" time="6.369"/>
  <testcase classname="card.Location" name="Card_EditCurrentLocation" time="0.709"/>
  <testcase classname="card.Location" name="Card_CreateFutureLocation" time="3.84"/>
  <testcase classname="card.Location" name="Card_EditFutureLocation" time="3.096"/>
  <testcase classname="card.Location" name="Card_DeleteFutureLocation" time="0.607"/>
  <testcase classname="card.Location" name="Card_DeleteCurrentLocation" time="0.586"/>
</testsuite> <!-- card.Location -->
