<?xml version="1.0" encoding="UTF-8"?>
<!-- Generated by org.testng.reporters.JUnitXMLReporter -->
<testsuite ignored="0" hostname="MY-L-D6JT3F3" failures="0" tests="5" name="card.DayTime" time="41.104" errors="0" timestamp="2023-09-08T18:04:39 SGT">
  <testcase classname="card.DayTime" name="Card_CreateDayTimeCurrent" time="2.204"/>
  <testcase classname="card.DayTime" name="Card_EditDayTimeCurrent" time="0.693"/>
  <testcase classname="card.DayTime" name="Card_CreateDayTimeFuture" time="2.926"/>
  <testcase classname="card.DayTime" name="Card_EditDayTimeFuture" time="2.43"/>
  <testcase classname="card.DayTime" name="Card_DeleteDayTime" time="1.202"/>
</testsuite> <!-- card.DayTime -->
