<?xml version="1.0" encoding="UTF-8"?>
<!-- Generated by org.testng.reporters.JUnitXMLReporter -->
<testsuite ignored="0" hostname="MY-L-D6JT3F3" failures="0" tests="7" name="cardbundle.Product" time="53.575" errors="0" timestamp="2023-09-08T18:12:09 SGT">
  <testcase classname="cardbundle.Product" name="CardBundle_CreateCurrentProduct" time="3.564"/>
  <testcase classname="cardbundle.Product" name="CardBundle_CreateFutureProduct" time="3.493"/>
  <testcase classname="cardbundle.Product" name="CardBundle_EditCurrentProduct" time="1.83"/>
  <testcase classname="cardbundle.Product" name="CardBundle_EditFutureProduct" time="0.763"/>
  <testcase classname="cardbundle.Product" name="CardBundle_CancelCurrentProduct" time="0.113"/>
  <testcase classname="cardbundle.Product" name="CardBundle_CancelFutureProduct" time="0.108"/>
  <testcase classname="cardbundle.Product" name="CardBundle_DeleteProduct" time="1.162"/>
</testsuite> <!-- cardbundle.Product -->
