<?xml version="1.0" encoding="UTF-8"?>
<!-- Generated by org.testng.reporters.JUnitXMLReporter -->
<testsuite ignored="0" hostname="MY-L-D6JT3F3" failures="0" tests="5" name="card.Product" time="39.587" errors="0" timestamp="2023-09-08T18:08:24 SGT">
  <testcase classname="card.Product" name="Card_CreateCurrentProduct" time="3.776"/>
  <testcase classname="card.Product" name="Card_EditCurrentProduct" time="0.807"/>
  <testcase classname="card.Product" name="Card_CreateFutureProduct" time="3.577"/>
  <testcase classname="card.Product" name="Card_EditFutureProduct" time="2.643"/>
  <testcase classname="card.Product" name="Card_DeleteProduct" time="1.172"/>
</testsuite> <!-- card.Product -->
