<?xml version="1.0" encoding="UTF-8"?>
<!-- Generated by org.testng.reporters.JUnitXMLReporter -->
<testsuite ignored="0" hostname="MY-L-D6JT3F3" failures="0" tests="3" name="card.OneOff" time="30.038" errors="0" timestamp="2023-09-08T18:07:44 SGT">
  <testcase classname="card.OneOff" name="Card_GenerateOffCard" time="2.004"/>
  <testcase classname="card.OneOff" name="Card_SearchCard" time="0.077"/>
  <testcase classname="card.OneOff" name="Card_CancelOneOff" time="0.342"/>
</testsuite> <!-- card.OneOff -->
