<?xml version="1.0" encoding="UTF-8"?>
<!-- Generated by org.testng.reporters.JUnitXMLReporter -->
<testsuite ignored="0" hostname="MY-L-D6JT3F3" failures="0" tests="8" name="cardbundle.Location" time="54.016" errors="0" timestamp="2023-09-08T18:11:15 SGT">
  <testcase classname="cardbundle.Location" name="CardBundle_CreateCurrentLocation" time="9.303"/>
  <testcase classname="cardbundle.Location" name="CardBundle_EditCurrentLocation" time="0.852"/>
  <testcase classname="cardbundle.Location" name="CardBundle_CreateFutureLocation" time="3.705"/>
  <testcase classname="cardbundle.Location" name="CardBundle_EditFutureLocation" time="2.859"/>
  <testcase classname="cardbundle.Location" name="CardBundle_CancelCurrentLocation" time="0.137"/>
  <testcase classname="cardbundle.Location" name="CardBundle_CancelFutureLocation" time="0.131"/>
  <testcase classname="cardbundle.Location" name="CardBundle_DeleteCurrentLocation" time="0.597"/>
  <testcase classname="cardbundle.Location" name="CardBundle_DeleteFutureLocation" time="0.604"/>
</testsuite> <!-- cardbundle.Location -->
