<?xml version="1.0" encoding="UTF-8"?>
<!-- Generated by org.testng.reporters.JUnitXMLReporter -->
<testsuite ignored="0" hostname="MY-L-D6JT3F3" failures="0" tests="7" name="cardbundle.DayTime" time="44.697" errors="0" timestamp="2023-09-08T18:10:21 SGT">
  <testcase classname="cardbundle.DayTime" name="CardBundle_CreateDayTimeCurrent" time="2.043"/>
  <testcase classname="cardbundle.DayTime" name="CardBundle_CreateDayTimeFuture" time="3.39"/>
  <testcase classname="cardbundle.DayTime" name="CardBundle_EditDayTimeCurrent" time="0.681"/>
  <testcase classname="cardbundle.DayTime" name="CardBundle_EditDayTimeFuture" time="2.704"/>
  <testcase classname="cardbundle.DayTime" name="CardBundle_CancelDayTimeCurrent" time="0.116"/>
  <testcase classname="cardbundle.DayTime" name="CardBundle_CancelDayTimeFuture" time="0.625"/>
  <testcase classname="cardbundle.DayTime" name="CardBundle_DeleteDayTime" time="1.775"/>
</testsuite> <!-- cardbundle.DayTime -->
