<?xml version="1.0" encoding="UTF-8"?>
<!-- Generated by org.testng.reporters.JUnitXMLReporter -->
<testsuite ignored="0" hostname="MY-L-D6JT3F3" failures="0" tests="4" name="FleetId" time="47.33" errors="0" timestamp="2023-07-07T13:25:22 SGT">
  <testcase classname="account.FleetId" name="Account_CreateFleetID" time="5.458"/>
  <testcase classname="account.FleetId" name="Account_ExportFleetID" time="0.317"/>
  <testcase classname="account.FleetId" name="Account_EditFleetID" time="2.299"/>
  <testcase classname="account.FleetId" name="Account_DeleteFleetID" time="8.074"/>
</testsuite> <!-- FleetId -->
